P:\JOBS\2024\003-24 - Bakelite - Aqueous Ammonia Tank\003-24-2-R0.dwg,Model,3/5/2024 8:26:32 AM,Manish,DWG To PDF.pc3,ARCH expand C (24.00 x 18.00 Inches),1:15.9275,
P:\JOBS\2024\003-24 - Bakelite - Aqueous Ammonia Tank\003-24-3-R0.dwg,Model,3/5/2024 8:27:00 AM,Manish,DWG To PDF.pc3,ARCH expand C (24.00 x 18.00 Inches),1:47.7824,
P:\JOBS\2024\003-24 - Bakelite - Aqueous Ammonia Tank\003-24-4-R0.dwg,Model,3/5/2024 8:27:25 AM,Manish,DWG To PDF.pc3,ARCH expand C (24.00 x 18.00 Inches),1:28.467,
P:\JOBS\2024\003-24 - Bakelite - Aqueous Ammonia Tank\003-24-5-R0.dwg,Model,3/5/2024 8:27:47 AM,Manish,DWG To PDF.pc3,ARCH expand C (24.00 x 18.00 Inches),1:28.467,
P:\JOBS\2024\003-24 - Bakelite - Aqueous Ammonia Tank\003-24-6-R0.dwg,Model,3/5/2024 8:28:07 AM,Manish,DWG To PDF.pc3,ARCH expand C (24.00 x 18.00 Inches),1:47.4071,
P:\JOBS\2024\003-24 - Bakelite - Aqueous Ammonia Tank\003-24-7-R0.dwg,Model,3/5/2024 8:28:33 AM,Manish,DWG To PDF.pc3,ARCH expand C (24.00 x 18.00 Inches),1:5.33756,
P:\JOBS\2024\003-24 - Bakelite - Aqueous Ammonia Tank\003-24-8-R0.dwg,Model,3/5/2024 8:28:57 AM,Manish,DWG To PDF.pc3,ARCH expand C (24.00 x 18.00 Inches),1:5.33756,
P:\JOBS\2024\003-24 - Bakelite - Aqueous Ammonia Tank\003-24-2-R1.dwg,Model,3/18/2024 9:38:30 AM,rutang,DWG To PDF.pc3,ARCH expand C (24.00 x 18.00 Inches),1:15.9275,
P:\JOBS\2024\003-24 - Bakelite - Aqueous Ammonia Tank\003-24-3-R1.dwg,Model,3/18/2024 9:38:46 AM,rutang,DWG To PDF.pc3,ARCH expand C (24.00 x 18.00 Inches),1:47.7824,
P:\JOBS\2024\003-24 - Bakelite - Aqueous Ammonia Tank\003-24-4-R1.dwg,Model,3/18/2024 9:39:03 AM,rutang,DWG To PDF.pc3,ARCH expand C (24.00 x 18.00 Inches),1:28.467,
P:\JOBS\2024\003-24 - Bakelite - Aqueous Ammonia Tank\003-24-5-R1.dwg,Model,3/18/2024 9:39:23 AM,rutang,DWG To PDF.pc3,ARCH expand C (24.00 x 18.00 Inches),1:28.467,
P:\JOBS\2024\003-24 - Bakelite - Aqueous Ammonia Tank\003-24-6-R1.dwg,Model,3/18/2024 9:39:38 AM,rutang,DWG To PDF.pc3,ARCH expand C (24.00 x 18.00 Inches),1:47.4071,
P:\JOBS\2024\003-24 - Bakelite - Aqueous Ammonia Tank\003-24-7-R1.dwg,Model,3/18/2024 9:39:53 AM,rutang,DWG To PDF.pc3,ARCH expand C (24.00 x 18.00 Inches),1:47.4071,
P:\JOBS\2024\003-24 - Bakelite - Aqueous Ammonia Tank\003-24-8-R1.dwg,Model,3/18/2024 9:40:07 AM,rutang,DWG To PDF.pc3,ARCH expand C (24.00 x 18.00 Inches),1:28.467,
P:\JOBS\2024\003-24 - Bakelite - Aqueous Ammonia Tank\003-24-9-R1.dwg,Model,3/18/2024 9:40:23 AM,rutang,DWG To PDF.pc3,ARCH expand C (24.00 x 18.00 Inches),1:28.467,
P:\JOBS\2024\003-24 - Bakelite - Aqueous Ammonia Tank\003-24-10-R1.dwg,Model,3/18/2024 9:40:41 AM,rutang,DWG To PDF.pc3,ARCH expand C (24.00 x 18.00 Inches),1:5.33756,
P:\JOBS\2024\003-24 - Bakelite - Aqueous Ammonia Tank\003-24-11-R1.dwg,Model,3/18/2024 9:40:54 AM,rutang,DWG To PDF.pc3,ARCH expand C (24.00 x 18.00 Inches),1:5.33756,
P:\JOBS\2024\003-24 - Bakelite - Aqueous Ammonia Tank\003-24-6-R1.dwg,Model,3/18/2024 9:41:07 AM,rutang,TOSHIBA Universal PS3,Ledger (11 x 17"),1:76.5,
P:\JOBS\2024\003-24 - Bakelite - Aqueous Ammonia Tank\003-24-2-R1.dwg,Model,3/18/2024 10:56:32 AM,rutang,DWG To PDF.pc3,ARCH expand C (24.00 x 18.00 Inches),1:15.9275,
P:\JOBS\2024\003-24 - Bakelite - Aqueous Ammonia Tank\003-24-2-R1.dwg,Model,3/18/2024 10:56:57 AM,rutang,TOSHIBA Universal PS3,Ledger (11 x 17"),1:25.5,
P:\JOBS\2024\003-24 - Bakelite - Aqueous Ammonia Tank\003-24-2-R1.dwg,Model,3/18/2024 10:57:14 AM,rutang,DWG To PDF.pc3,ARCH expand C (24.00 x 18.00 Inches),1:15.9275,
P:\JOBS\2024\003-24 - Bakelite - Aqueous Ammonia Tank\003-24-2-R2.dwg,Model,4/22/2024 3:54:48 PM,Aalhad,DWG To PDF.pc3,ARCH expand C (18.00 x 24.00 Inches),1:16.1976,
P:\JOBS\2024\003-24 - Bakelite - Aqueous Ammonia Tank\003-24-3-R2.dwg,Model,4/22/2024 3:55:05 PM,Aalhad,DWG To PDF.pc3,ARCH expand C (18.00 x 24.00 Inches),1:48.5928,
P:\JOBS\2024\003-24 - Bakelite - Aqueous Ammonia Tank\003-24-4-R2.dwg,Model,4/22/2024 3:58:41 PM,Aalhad,DWG To PDF.pc3,ARCH expand C (18.00 x 24.00 Inches),1:28.9498,
P:\JOBS\2024\003-24 - Bakelite - Aqueous Ammonia Tank\003-24-5-R2.dwg,Model,4/22/2024 3:59:03 PM,Aalhad,DWG To PDF.pc3,ARCH expand C (18.00 x 24.00 Inches),1:28.9498,
P:\JOBS\2024\003-24 - Bakelite - Aqueous Ammonia Tank\003-24-6-R2.dwg,Model,4/22/2024 3:59:19 PM,Aalhad,DWG To PDF.pc3,ARCH expand C (18.00 x 24.00 Inches),1:47.5604,
P:\JOBS\2024\003-24 - Bakelite - Aqueous Ammonia Tank\003-24-7-R2.dwg,Model,4/22/2024 3:59:34 PM,Aalhad,DWG To PDF.pc3,ARCH expand C (18.00 x 24.00 Inches),1:47.5604,
P:\JOBS\2024\003-24 - Bakelite - Aqueous Ammonia Tank\003-24-8-R2.dwg,Model,4/22/2024 3:59:49 PM,Aalhad,DWG To PDF.pc3,ARCH expand C (18.00 x 24.00 Inches),1:28.9498,
P:\JOBS\2024\003-24 - Bakelite - Aqueous Ammonia Tank\003-24-9-R2.dwg,Model,4/22/2024 4:00:23 PM,Aalhad,DWG To PDF.pc3,ARCH expand C (18.00 x 24.00 Inches),1:28.9498,
P:\JOBS\2024\003-24 - Bakelite - Aqueous Ammonia Tank\003-24-10-R2.dwg,Model,4/22/2024 4:00:39 PM,Aalhad,DWG To PDF.pc3,ARCH expand C (18.00 x 24.00 Inches),1:5.42809,
P:\JOBS\2024\003-24 - Bakelite - Aqueous Ammonia Tank\003-24-11-R2.dwg,Model,4/22/2024 4:00:52 PM,Aalhad,DWG To PDF.pc3,ARCH expand C (18.00 x 24.00 Inches),1:5.42809,
P:\JOBS\2024\069-24 - River to Tap - Bulk Storage Tank #5\069-24-1-R4 AS BUILT new.dwg,Model,5/14/2025 5:11:17 AM,Aalhad,3515ac,Letter (8 1/2 x 11"),1:18.8082,
P:\JOBS\2025\005-25 - Syensqo - P-50 Replacement\005-25-1-R4.dwg,Model,5/14/2025 5:45:07 AM,Aalhad,3515ac,Ledger (11 x 17"),1:38.25,
P:\JOBS\2025\005-25 - Syensqo - P-50 Replacement\005-25-2-R4.dwg,Model,5/14/2025 5:45:18 AM,Aalhad,3515ac,Ledger (11 x 17"),1:38.25,
P:\JOBS\2025\005-25 - Syensqo - P-50 Replacement\005-25-3-R4.dwg,Model,5/14/2025 5:45:29 AM,Aalhad,3515ac,Ledger (11 x 17"),1:38.25,
P:\JOBS\2025\005-25 - Syensqo - P-50 Replacement\005-25-4-R4.dwg,Model,5/14/2025 5:45:40 AM,Aalhad,3515ac,Ledger (11 x 17"),1:8.4375,
